<?xml version="1.0" encoding="UTF-8"?>
<!-- Generated by org.testng.reporters.JUnitXMLReporter -->
<testsuite ignored="1" hostname="GaneshAppu" failures="0" tests="2" name="Car Loan" time="0.01" errors="0" timestamp="2024-03-18T12:33:45 IST">
  <testcase classname="test.Day3" name="APILoginCarLogin" time="0.002"/>
  <testcase classname="test.Day3" name="WebLoginCarLogin" time="0.002"/>
  <testcase classname="test.Day3" name="AppiumLoginCarLogin" time="0.0">
    <ignored/>
  </testcase> <!-- AppiumLoginCarLogin -->
</testsuite> <!-- Car Loan -->
