<?xml version="1.0" encoding="UTF-8"?>
<!-- Generated by org.testng.reporters.JUnitXMLReporter -->
<testsuite ignored="0" hostname="GaneshAppu" failures="0" tests="3" name="Home Loan" time="0.014" errors="0" timestamp="2024-03-18T12:33:45 IST">
  <testcase classname="test.Day4" name="APILoginHomeLogin" time="0.001"/>
  <testcase classname="test.Day4" name="AppiumLoginHomeLogin" time="0.002"/>
  <testcase classname="test.Day4" name="WebLoginHomeLogin" time="0.001"/>
</testsuite> <!-- Home Loan -->
