<?xml version="1.0" encoding="UTF-8"?>
<!-- Generated by org.testng.reporters.JUnitXMLReporter -->
<testsuite ignored="4" hostname="GaneshAppu" failures="1" tests="7" name="Regression Test" time="0.101" errors="0" timestamp="2024-03-18T16:43:58 IST">
  <testcase classname="test.Day4" name="AppiumLoginHomeLogin" time="0.014">
    <failure type="java.lang.AssertionError" message="expected [true] but found [false]">
      <![CDATA[java.lang.AssertionError: expected [true] but found [false]
at test.Day4.AppiumLoginHomeLogin(Day4.java:23)
at java.base/java.util.ArrayList.forEach(ArrayList.java:1596)
... Removed 29 stack frames]]>
    </failure>
  </testcase> <!-- AppiumLoginHomeLogin -->
  <testcase classname="test.Day4" name="WebLoginHomeLogin" time="0.004"/>
  <testcase classname="test.Day4" name="WebLoginHomeLogin" time="0.001"/>
  <testcase classname="test.Day4" name="WebLoginHomeLogin" time="0.001"/>
  <testcase classname="test.Day4" name="APILoginHomeLogin" time="0.001">
    <skipped/>
  </testcase> <!-- APILoginHomeLogin -->
  <testcase classname="test.Day3" name="AppiumLoginCarLogin" time="0.009"/>
  <testcase classname="test.Day3" name="WebLoginCarLogin" time="0.001"/>
  <testcase classname="test.Day1" name="SecondTest" time="0.0">
    <ignored/>
  </testcase> <!-- SecondTest -->
  <testcase classname="test.Day1" name="Demo" time="0.0">
    <ignored/>
  </testcase> <!-- Demo -->
  <testcase classname="test.Day2" name="pLoan" time="0.0">
    <ignored/>
  </testcase> <!-- pLoan -->
  <testcase classname="test.Day3" name="APILoginCarLogin" time="0.0">
    <ignored/>
  </testcase> <!-- APILoginCarLogin -->
</testsuite> <!-- Regression Test -->
